This is pdfTeX, Version 3.1415926-2.3-1.40.12 (MiKTeX 2.9) (preloaded format=pdflatex 2011.12.13)  30 MAR 2017 23:28
entering extended mode
**D:/UFC/Pagina/desafios2017.1/material/Programação*Dinâmica/Programação*D
inâmica.tex

("D:/UFC/Pagina/desafios2017.1/material/Programação Dinâmica/Programação D
inâmica.tex"
LaTeX2e <2011/06/27>
Babel <v3.8m> and hyphenation patterns for english, afrikaans, ancientgreek, ar
abic, armenian, assamese, basque, bengali, bokmal, bulgarian, catalan, coptic, 
croatian, czech, danish, dutch, esperanto, estonian, farsi, finnish, french, ga
lician, german, german-x-2009-06-19, greek, gujarati, hindi, hungarian, iceland
ic, indonesian, interlingua, irish, italian, kannada, kurmanji, lao, latin, lat
vian, lithuanian, malayalam, marathi, mongolian, mongolianlmc, monogreek, ngerm
an, ngerman-x-2009-06-19, nynorsk, oriya, panjabi, pinyin, polish, portuguese, 
romanian, russian, sanskrit, serbian, slovak, slovenian, spanish, swedish, swis
sgerman, tamil, telugu, turkish, turkmen, ukenglish, ukrainian, uppersorbian, u
senglishmax, welsh, loaded.
("C:\Program Files (x86)\MiKTeX 2.9\tex\latex\beamer\base\beamer.cls"
("C:\Program Files (x86)\MiKTeX 2.9\tex\latex\beamer\base\beamerbasercs.sty"
Package: beamerbasercs 2011/09/21 (rcs-revision 42a2c9debdc3)
)
Document Class: beamer 2011/09/12 development version 3.12 A class for typesett
ing presentations (rcs-revision 70f9d8411e54)
("C:\Program Files (x86)\MiKTeX 2.9\tex\latex\beamer\base\beamerbasemodes.sty"
Package: beamerbasemodes 2010/05/01 (rcs-revision efa082c6111d)
\beamer@tempbox=\box26
\beamer@tempcount=\count79
\c@beamerpauses=\count80

("C:\Program Files (x86)\MiKTeX 2.9\tex\latex\beamer\base\beamerbasedecode.sty"
Package: beamerbasedecode 2010/05/01 (rcs-revision efa082c6111d)
\beamer@slideinframe=\count81
\beamer@minimum=\count82
)
\beamer@commentbox=\box27
\beamer@modecount=\count83
) ("C:\Program Files (x86)\MiKTeX 2.9\tex\generic\oberdiek\ifpdf.sty"
Package: ifpdf 2011/01/30 v2.3 Provides the ifpdf switch (HO)
Package ifpdf Info: pdfTeX in PDF mode is detected.
)
\headheight=\dimen102
\headdp=\dimen103
\footheight=\dimen104
\sidebarheight=\dimen105
\beamer@tempdim=\dimen106
\beamer@finalheight=\dimen107
\beamer@animht=\dimen108
\beamer@animdp=\dimen109
\beamer@animwd=\dimen110
\beamer@leftmargin=\dimen111
\beamer@rightmargin=\dimen112
\beamer@leftsidebar=\dimen113
\beamer@rightsidebar=\dimen114
\beamer@boxsize=\dimen115
\beamer@vboxoffset=\dimen116
\beamer@descdefault=\dimen117
\beamer@descriptionwidth=\dimen118
\beamer@lastskip=\skip41
\beamer@areabox=\box28
\beamer@animcurrent=\box29
\beamer@animshowbox=\box30
\beamer@sectionbox=\box31
\beamer@logobox=\box32
\beamer@linebox=\box33
\beamer@sectioncount=\count84
\beamer@subsubsectionmax=\count85
\beamer@subsectionmax=\count86
\beamer@sectionmax=\count87
\beamer@totalheads=\count88
\beamer@headcounter=\count89
\beamer@partstartpage=\count90
\beamer@sectionstartpage=\count91
\beamer@subsectionstartpage=\count92
\beamer@animationtempa=\count93
\beamer@animationtempb=\count94
\beamer@xpos=\count95
\beamer@ypos=\count96
\beamer@showpartnumber=\count97
\beamer@currentsubsection=\count98
\beamer@coveringdepth=\count99
\beamer@sectionadjust=\count100
\beamer@tocsectionnumber=\count101

("C:\Program Files (x86)\MiKTeX 2.9\tex\latex\beamer\base\beamerbaseoptions.sty
"
Package: beamerbaseoptions 2010/04/27 (rcs-revision 982469101dd6)
 ("C:\Program Files (x86)\MiKTeX 2.9\tex\latex\graphics\keyval.sty"
Package: keyval 1999/03/16 v1.13 key=value parser (DPC)
\KV@toks@=\toks14
))
\beamer@paperwidth=\skip42
\beamer@paperheight=\skip43

("C:\Program Files (x86)\MiKTeX 2.9\tex\latex\geometry\geometry.sty"
Package: geometry 2010/09/12 v5.6 Page Geometry

("C:\Program Files (x86)\MiKTeX 2.9\tex\generic\oberdiek\ifvtex.sty"
Package: ifvtex 2010/03/01 v1.5 Switches for detecting VTeX and its modes (HO)
Package ifvtex Info: VTeX not detected.
)
("C:\Program Files (x86)\MiKTeX 2.9\tex\generic\ifxetex\ifxetex.sty"
Package: ifxetex 2010/09/12 v0.6 Provides ifxetex conditional
)
\Gm@cnth=\count102
\Gm@cntv=\count103
\c@Gm@tempcnt=\count104
\Gm@bindingoffset=\dimen119
\Gm@wd@mp=\dimen120
\Gm@odd@mp=\dimen121
\Gm@even@mp=\dimen122
\Gm@layoutwidth=\dimen123
\Gm@layoutheight=\dimen124
\Gm@layouthoffset=\dimen125
\Gm@layoutvoffset=\dimen126
\Gm@dimlist=\toks15

("C:\Program Files (x86)\MiKTeX 2.9\tex\latex\geometry\geometry.cfg"))
("C:\Program Files (x86)\MiKTeX 2.9\tex\latex\base\size11.clo"
File: size11.clo 2007/10/19 v1.4h Standard LaTeX file (size option)
)
("C:\Program Files (x86)\MiKTeX 2.9\tex\latex\pgf\basiclayer\pgfcore.sty"
("C:\Program Files (x86)\MiKTeX 2.9\tex\latex\graphics\graphicx.sty"
Package: graphicx 1999/02/16 v1.0f Enhanced LaTeX Graphics (DPC,SPQR)

("C:\Program Files (x86)\MiKTeX 2.9\tex\latex\graphics\graphics.sty"
Package: graphics 2009/02/05 v1.0o Standard LaTeX Graphics (DPC,SPQR)

("C:\Program Files (x86)\MiKTeX 2.9\tex\latex\graphics\trig.sty"
Package: trig 1999/03/16 v1.09 sin cos tan (DPC)
)
("C:\Program Files (x86)\MiKTeX 2.9\tex\latex\00miktex\graphics.cfg"
File: graphics.cfg 2007/01/18 v1.5 graphics configuration of teTeX/TeXLive
)
Package graphics Info: Driver file: pdftex.def on input line 91.

("C:\Program Files (x86)\MiKTeX 2.9\tex\latex\pdftex-def\pdftex.def"
File: pdftex.def 2011/05/27 v0.06d Graphics/color for pdfTeX

("C:\Program Files (x86)\MiKTeX 2.9\tex\generic\oberdiek\infwarerr.sty"
Package: infwarerr 2010/04/08 v1.3 Providing info/warning/message (HO)
)
("C:\Program Files (x86)\MiKTeX 2.9\tex\generic\oberdiek\ltxcmds.sty"
Package: ltxcmds 2011/04/18 v1.20 LaTeX kernel commands for general use (HO)
)
\Gread@gobject=\count105
))
\Gin@req@height=\dimen127
\Gin@req@width=\dimen128
)
("C:\Program Files (x86)\MiKTeX 2.9\tex\latex\pgf\systemlayer\pgfsys.sty"
("C:\Program Files (x86)\MiKTeX 2.9\tex\latex\pgf\utilities\pgfrcs.sty"
("C:\Program Files (x86)\MiKTeX 2.9\tex\generic\pgf\utilities\pgfutil-common.te
x"
\pgfutil@everybye=\toks16
)
("C:\Program Files (x86)\MiKTeX 2.9\tex\generic\pgf\utilities\pgfutil-latex.def
"
\pgfutil@abb=\box34
 ("C:\Program Files (x86)\MiKTeX 2.9\tex\latex\ms\everyshi.sty"
Package: everyshi 2001/05/15 v3.00 EveryShipout Package (MS)
))
("C:\Program Files (x86)\MiKTeX 2.9\tex\generic\pgf\utilities\pgfrcs.code.tex"
Package: pgfrcs 2010/10/25 v2.10 (rcs-revision 1.24)
))
("C:\Program Files (x86)\MiKTeX 2.9\tex\generic\pgf\systemlayer\pgfsys.code.tex
"
Package: pgfsys 2010/06/30 v2.10 (rcs-revision 1.37)
 ("C:\Program Files (x86)\MiKTeX 2.9\tex\generic\pgf\utilities\pgfkeys.code.tex
"
\pgfkeys@pathtoks=\toks17
\pgfkeys@temptoks=\toks18

("C:\Program Files (x86)\MiKTeX 2.9\tex\generic\pgf\utilities\pgfkeysfiltered.c
ode.tex"
\pgfkeys@tmptoks=\toks19
))
\pgf@x=\dimen129
\pgf@y=\dimen130
\pgf@xa=\dimen131
\pgf@ya=\dimen132
\pgf@xb=\dimen133
\pgf@yb=\dimen134
\pgf@xc=\dimen135
\pgf@yc=\dimen136
\w@pgf@writea=\write3
\r@pgf@reada=\read1
\c@pgf@counta=\count106
\c@pgf@countb=\count107
\c@pgf@countc=\count108
\c@pgf@countd=\count109

("C:\Program Files (x86)\MiKTeX 2.9\tex\generic\pgf\systemlayer\pgf.cfg"
File: pgf.cfg 2008/05/14  (rcs-revision 1.7)
)
Package pgfsys Info: Driver file for pgf: pgfsys-pdftex.def on input line 900.

("C:\Program Files (x86)\MiKTeX 2.9\tex\generic\pgf\systemlayer\pgfsys-pdftex.d
ef"
File: pgfsys-pdftex.def 2009/05/22  (rcs-revision 1.26)

("C:\Program Files (x86)\MiKTeX 2.9\tex\generic\pgf\systemlayer\pgfsys-common-p
df.def"
File: pgfsys-common-pdf.def 2008/05/19  (rcs-revision 1.10)
)))
("C:\Program Files (x86)\MiKTeX 2.9\tex\generic\pgf\systemlayer\pgfsyssoftpath.
code.tex"
File: pgfsyssoftpath.code.tex 2008/07/18  (rcs-revision 1.7)
\pgfsyssoftpath@smallbuffer@items=\count110
\pgfsyssoftpath@bigbuffer@items=\count111
)
("C:\Program Files (x86)\MiKTeX 2.9\tex\generic\pgf\systemlayer\pgfsysprotocol.
code.tex"
File: pgfsysprotocol.code.tex 2006/10/16  (rcs-revision 1.4)
)) ("C:\Program Files (x86)\MiKTeX 2.9\tex\latex\xcolor\xcolor.sty"
Package: xcolor 2007/01/21 v2.11 LaTeX color extensions (UK)

("C:\Program Files (x86)\MiKTeX 2.9\tex\latex\00miktex\color.cfg"
File: color.cfg 2007/01/18 v1.5 color configuration of teTeX/TeXLive
)
Package xcolor Info: Driver file: pdftex.def on input line 225.
Package xcolor Info: Model `cmy' substituted by `cmy0' on input line 1337.
Package xcolor Info: Model `hsb' substituted by `rgb' on input line 1341.
Package xcolor Info: Model `RGB' extended on input line 1353.
Package xcolor Info: Model `HTML' substituted by `rgb' on input line 1355.
Package xcolor Info: Model `Hsb' substituted by `hsb' on input line 1356.
Package xcolor Info: Model `tHsb' substituted by `hsb' on input line 1357.
Package xcolor Info: Model `HSB' substituted by `hsb' on input line 1358.
Package xcolor Info: Model `Gray' substituted by `gray' on input line 1359.
Package xcolor Info: Model `wave' substituted by `hsb' on input line 1360.
)
("C:\Program Files (x86)\MiKTeX 2.9\tex\generic\pgf\basiclayer\pgfcore.code.tex
"
Package: pgfcore 2010/04/11 v2.10 (rcs-revision 1.7)
 ("C:\Program Files (x86)\MiKTeX 2.9\tex\generic\pgf\math\pgfmath.code.tex"
("C:\Program Files (x86)\MiKTeX 2.9\tex\generic\pgf\math\pgfmathcalc.code.tex"
("C:\Program Files (x86)\MiKTeX 2.9\tex\generic\pgf\math\pgfmathutil.code.tex")
("C:\Program Files (x86)\MiKTeX 2.9\tex\generic\pgf\math\pgfmathparser.code.tex
"
\pgfmath@dimen=\dimen137
\pgfmath@count=\count112
\pgfmath@box=\box35
\pgfmath@toks=\toks20
\pgfmath@stack@operand=\toks21
\pgfmath@stack@operation=\toks22
)
("C:\Program Files (x86)\MiKTeX 2.9\tex\generic\pgf\math\pgfmathfunctions.code.
tex"
("C:\Program Files (x86)\MiKTeX 2.9\tex\generic\pgf\math\pgfmathfunctions.basic
.code.tex")
("C:\Program Files (x86)\MiKTeX 2.9\tex\generic\pgf\math\pgfmathfunctions.trigo
nometric.code.tex")
("C:\Program Files (x86)\MiKTeX 2.9\tex\generic\pgf\math\pgfmathfunctions.rando
m.code.tex")
("C:\Program Files (x86)\MiKTeX 2.9\tex\generic\pgf\math\pgfmathfunctions.compa
rison.code.tex")
("C:\Program Files (x86)\MiKTeX 2.9\tex\generic\pgf\math\pgfmathfunctions.base.
code.tex")
("C:\Program Files (x86)\MiKTeX 2.9\tex\generic\pgf\math\pgfmathfunctions.round
.code.tex")
("C:\Program Files (x86)\MiKTeX 2.9\tex\generic\pgf\math\pgfmathfunctions.misc.
code.tex")))
("C:\Program Files (x86)\MiKTeX 2.9\tex\generic\pgf\math\pgfmathfloat.code.tex"
\c@pgfmathroundto@lastzeros=\count113
))
("C:\Program Files (x86)\MiKTeX 2.9\tex\generic\pgf\basiclayer\pgfcorepoints.co
de.tex"
File: pgfcorepoints.code.tex 2010/04/09  (rcs-revision 1.20)
\pgf@picminx=\dimen138
\pgf@picmaxx=\dimen139
\pgf@picminy=\dimen140
\pgf@picmaxy=\dimen141
\pgf@pathminx=\dimen142
\pgf@pathmaxx=\dimen143
\pgf@pathminy=\dimen144
\pgf@pathmaxy=\dimen145
\pgf@xx=\dimen146
\pgf@xy=\dimen147
\pgf@yx=\dimen148
\pgf@yy=\dimen149
\pgf@zx=\dimen150
\pgf@zy=\dimen151
)
("C:\Program Files (x86)\MiKTeX 2.9\tex\generic\pgf\basiclayer\pgfcorepathconst
ruct.code.tex"
File: pgfcorepathconstruct.code.tex 2010/08/03  (rcs-revision 1.24)
\pgf@path@lastx=\dimen152
\pgf@path@lasty=\dimen153
)
("C:\Program Files (x86)\MiKTeX 2.9\tex\generic\pgf\basiclayer\pgfcorepathusage
.code.tex"
File: pgfcorepathusage.code.tex 2008/04/22  (rcs-revision 1.12)
\pgf@shorten@end@additional=\dimen154
\pgf@shorten@start@additional=\dimen155
)
("C:\Program Files (x86)\MiKTeX 2.9\tex\generic\pgf\basiclayer\pgfcorescopes.co
de.tex"
File: pgfcorescopes.code.tex 2010/09/08  (rcs-revision 1.34)
\pgfpic=\box36
\pgf@hbox=\box37
\pgf@layerbox@main=\box38
\pgf@picture@serial@count=\count114
)
("C:\Program Files (x86)\MiKTeX 2.9\tex\generic\pgf\basiclayer\pgfcoregraphicst
ate.code.tex"
File: pgfcoregraphicstate.code.tex 2008/04/22  (rcs-revision 1.9)
\pgflinewidth=\dimen156
)
("C:\Program Files (x86)\MiKTeX 2.9\tex\generic\pgf\basiclayer\pgfcoretransform
ations.code.tex"
File: pgfcoretransformations.code.tex 2009/06/10  (rcs-revision 1.11)
\pgf@pt@x=\dimen157
\pgf@pt@y=\dimen158
\pgf@pt@temp=\dimen159
)
("C:\Program Files (x86)\MiKTeX 2.9\tex\generic\pgf\basiclayer\pgfcorequick.cod
e.tex"
File: pgfcorequick.code.tex 2008/10/09  (rcs-revision 1.3)
)
("C:\Program Files (x86)\MiKTeX 2.9\tex\generic\pgf\basiclayer\pgfcoreobjects.c
ode.tex"
File: pgfcoreobjects.code.tex 2006/10/11  (rcs-revision 1.2)
)
("C:\Program Files (x86)\MiKTeX 2.9\tex\generic\pgf\basiclayer\pgfcorepathproce
ssing.code.tex"
File: pgfcorepathprocessing.code.tex 2008/10/09  (rcs-revision 1.8)
)
("C:\Program Files (x86)\MiKTeX 2.9\tex\generic\pgf\basiclayer\pgfcorearrows.co
de.tex"
File: pgfcorearrows.code.tex 2008/04/23  (rcs-revision 1.11)
)
("C:\Program Files (x86)\MiKTeX 2.9\tex\generic\pgf\basiclayer\pgfcoreshade.cod
e.tex"
File: pgfcoreshade.code.tex 2008/11/23  (rcs-revision 1.13)
\pgf@max=\dimen160
\pgf@sys@shading@range@num=\count115
)
("C:\Program Files (x86)\MiKTeX 2.9\tex\generic\pgf\basiclayer\pgfcoreimage.cod
e.tex"
File: pgfcoreimage.code.tex 2010/03/25  (rcs-revision 1.16)

("C:\Program Files (x86)\MiKTeX 2.9\tex\generic\pgf\basiclayer\pgfcoreexternal.
code.tex"
File: pgfcoreexternal.code.tex 2010/09/01  (rcs-revision 1.17)
\pgfexternal@startupbox=\box39
))
("C:\Program Files (x86)\MiKTeX 2.9\tex\generic\pgf\basiclayer\pgfcorelayers.co
de.tex"
File: pgfcorelayers.code.tex 2010/08/27  (rcs-revision 1.2)
)
("C:\Program Files (x86)\MiKTeX 2.9\tex\generic\pgf\basiclayer\pgfcoretranspare
ncy.code.tex"
File: pgfcoretransparency.code.tex 2008/01/17  (rcs-revision 1.2)
)
("C:\Program Files (x86)\MiKTeX 2.9\tex\generic\pgf\basiclayer\pgfcorepatterns.
code.tex"
File: pgfcorepatterns.code.tex 2009/07/02  (rcs-revision 1.3)
)))
("C:\Program Files (x86)\MiKTeX 2.9\tex\latex\pgf\utilities\xxcolor.sty"
Package: xxcolor 2003/10/24 ver 0.1
\XC@nummixins=\count116
\XC@countmixins=\count117
)
("C:\Program Files (x86)\MiKTeX 2.9\tex\latex\hyperref\hyperref.sty"
Package: hyperref 2011/04/17 v6.82g Hypertext links for LaTeX

("C:\Program Files (x86)\MiKTeX 2.9\tex\generic\oberdiek\hobsub-hyperref.sty"
Package: hobsub-hyperref 2011/04/23 v1.4 Bundle oberdiek, subset hyperref (HO)

("C:\Program Files (x86)\MiKTeX 2.9\tex\generic\oberdiek\hobsub-generic.sty"
Package: hobsub-generic 2011/04/23 v1.4 Bundle oberdiek, subset generic (HO)
Package: hobsub 2011/04/23 v1.4 Subsetting bundle oberdiek (HO)
Package hobsub Info: Skipping package `infwarerr' (already loaded).
Package hobsub Info: Skipping package `ltxcmds' (already loaded).
Package: ifluatex 2010/03/01 v1.3 Provides the ifluatex switch (HO)
Package ifluatex Info: LuaTeX not detected.
Package hobsub Info: Skipping package `ifvtex' (already loaded).
Package: intcalc 2007/09/27 v1.1 Expandable integer calculations (HO)
Package hobsub Info: Skipping package `ifpdf' (already loaded).
Package: etexcmds 2011/02/16 v1.5 Prefix for e-TeX command names (HO)
Package etexcmds Info: Could not find \expanded.
(etexcmds)             That can mean that you are not using pdfTeX 1.50 or
(etexcmds)             that some package has redefined \expanded.
(etexcmds)             In the latter case, load this package earlier.
Package: kvsetkeys 2011/04/07 v1.13 Key value parser (HO)
Package: kvdefinekeys 2011/04/07 v1.3 Defining keys (HO)
Package: pdftexcmds 2011/04/22 v0.16 Utilities of pdfTeX for LuaTeX (HO)
Package pdftexcmds Info: LuaTeX not detected.
Package pdftexcmds Info: \pdf@primitive is available.
Package pdftexcmds Info: \pdf@ifprimitive is available.
Package pdftexcmds Info: \pdfdraftmode found.
Package: pdfescape 2011/04/04 v1.12 Provides string conversions (HO)
Package: bigintcalc 2011/01/30 v1.2 Expandable big integer calculations (HO)
Package: bitset 2011/01/30 v1.1 Data type bit set (HO)
Package: uniquecounter 2011/01/30 v1.2 Provides unlimited unique counter (HO)
)
Package hobsub Info: Skipping package `hobsub' (already loaded).
Package: letltxmacro 2010/09/02 v1.4 Let assignment for LaTeX macros (HO)
Package: hopatch 2011/01/30 v1.0 Wrapper for package hooks (HO)
Package: xcolor-patch 2011/01/30 xcolor patch
Package: atveryend 2011/04/23 v1.7 Hooks at very end of document (HO)
Package: atbegshi 2011/01/30 v1.15 At begin shipout hook (HO)
Package: refcount 2010/12/01 v3.2 Data extraction from references (HO)
Package: hycolor 2011/01/30 v1.7 Color options of hyperref/bookmark (HO)
)
("C:\Program Files (x86)\MiKTeX 2.9\tex\latex\oberdiek\kvoptions.sty"
Package: kvoptions 2010/12/23 v3.10 Keyval support for LaTeX options (HO)
)
\@linkdim=\dimen161
\Hy@linkcounter=\count118
\Hy@pagecounter=\count119

("C:\Program Files (x86)\MiKTeX 2.9\tex\latex\hyperref\pd1enc.def"
File: pd1enc.def 2011/04/17 v6.82g Hyperref: PDFDocEncoding definition (HO)
)
\Hy@SavedSpaceFactor=\count120

("C:\Program Files (x86)\MiKTeX 2.9\tex\latex\00miktex\hyperref.cfg"
File: hyperref.cfg 2002/06/06 v1.2 hyperref configuration of TeXLive
)
Package hyperref Info: Option `bookmarks' set `true' on input line 3905.
Package hyperref Info: Option `bookmarksopen' set `true' on input line 3905.
Package hyperref Info: Option `implicit' set `false' on input line 3905.
Package hyperref Info: Hyper figures OFF on input line 4026.
Package hyperref Info: Link nesting OFF on input line 4031.
Package hyperref Info: Hyper index ON on input line 4034.
Package hyperref Info: Plain pages OFF on input line 4041.
Package hyperref Info: Backreferencing OFF on input line 4046.
Package hyperref Info: Implicit mode OFF; no redefinition of LaTeX internals.
Package hyperref Info: Bookmarks ON on input line 4264.
\c@Hy@tempcnt=\count121

("C:\Program Files (x86)\MiKTeX 2.9\tex\latex\ltxmisc\url.sty"
\Urlmuskip=\muskip10
Package: url 2006/04/12  ver 3.3  Verb mode for urls, etc.
)
LaTeX Info: Redefining \url on input line 4617.
\Fld@menulength=\count122
\Field@Width=\dimen162
\Fld@charsize=\dimen163
Package hyperref Info: Hyper figures OFF on input line 5701.
Package hyperref Info: Link nesting OFF on input line 5706.
Package hyperref Info: Hyper index ON on input line 5709.
Package hyperref Info: backreferencing OFF on input line 5716.
Package hyperref Info: Link coloring OFF on input line 5721.
Package hyperref Info: Link coloring with OCG OFF on input line 5726.
Package hyperref Info: PDF/A mode OFF on input line 5731.
LaTeX Info: Redefining \ref on input line 5771.
LaTeX Info: Redefining \pageref on input line 5775.
\Hy@abspage=\count123


Package hyperref Message: Stopped early.

)

Package hyperref Message: Driver (autodetected): hpdftex.

("C:\Program Files (x86)\MiKTeX 2.9\tex\latex\hyperref\hpdftex.def"
File: hpdftex.def 2011/04/17 v6.82g Hyperref driver for pdfTeX
\Fld@listcount=\count124
\c@bookmark@seq@number=\count125

("C:\Program Files (x86)\MiKTeX 2.9\tex\latex\oberdiek\rerunfilecheck.sty"
Package: rerunfilecheck 2011/04/15 v1.7 Rerun checks for auxiliary files (HO)
Package uniquecounter Info: New unique counter `rerunfilecheck' on input line 2
82.
))
("C:\Program Files (x86)\MiKTeX 2.9\tex\latex\beamer\base\beamerbaserequires.st
y"
Package: beamerbaserequires 2010/05/01  (rcs-revision efa082c6111d)

("C:\Program Files (x86)\MiKTeX 2.9\tex\latex\beamer\base\beamerbasecompatibili
ty.sty"
Package: beamerbasecompatibility 2010/07/12  (rcs-revision 6648c3177e4e)
)
("C:\Program Files (x86)\MiKTeX 2.9\tex\latex\beamer\base\beamerbasefont.sty"
Package: beamerbasefont 2010/10/26  (rcs-revision f39336aafb3c)

("C:\Program Files (x86)\MiKTeX 2.9\tex\latex\amsfonts\amssymb.sty"
Package: amssymb 2009/06/22 v3.00

("C:\Program Files (x86)\MiKTeX 2.9\tex\latex\amsfonts\amsfonts.sty"
Package: amsfonts 2009/06/22 v3.00 Basic AMSFonts support
\@emptytoks=\toks23
\symAMSa=\mathgroup4
\symAMSb=\mathgroup5
LaTeX Font Info:    Overwriting math alphabet `\mathfrak' in version `bold'
(Font)                  U/euf/m/n --> U/euf/b/n on input line 96.
)))
("C:\Program Files (x86)\MiKTeX 2.9\tex\latex\beamer\base\beamerbasetranslator.
sty"
Package: beamerbasetranslator 2010/06/11  (rcs-revision 85fd1cc7fc42)

("C:\Program Files (x86)\MiKTeX 2.9\tex\latex\beamer\base\translator\translator
.sty"
Package: translator 2010/06/12 ver 1.10

("C:\Program Files (x86)\MiKTeX 2.9\tex\latex\beamer\base\translator\translator
-language-mappings.tex")))
("C:\Program Files (x86)\MiKTeX 2.9\tex\latex\beamer\base\beamerbasemisc.sty"
Package: beamerbasemisc 2010/06/06  (rcs-revision bff0a9294b45)
)
("C:\Program Files (x86)\MiKTeX 2.9\tex\latex\beamer\base\beamerbasetwoscreens.
sty"
Package: beamerbasetwoscreens 2010/05/01  (rcs-revision efa082c6111d)
)
("C:\Program Files (x86)\MiKTeX 2.9\tex\latex\beamer\base\beamerbaseoverlay.sty
"
Package: beamerbaseoverlay 2011/09/12  (rcs-revision 70f9d8411e54)
\beamer@argscount=\count126
\beamer@lastskipcover=\skip44
\beamer@trivlistdepth=\count127
) ("C:\Program Files (x86)\MiKTeX 2.9\tex\latex\beamer\base\beamerbasetitle.sty
"
Package: beamerbasetitle 2010/09/21  (rcs-revision f0446ed0b6ae)
)
("C:\Program Files (x86)\MiKTeX 2.9\tex\latex\beamer\base\beamerbasesection.sty
"
Package: beamerbasesection 2010/08/29  (rcs-revision e07e85b4cd4a)
\c@lecture=\count128
\c@part=\count129
\c@section=\count130
\c@subsection=\count131
\c@subsubsection=\count132
) ("C:\Program Files (x86)\MiKTeX 2.9\tex\latex\beamer\base\beamerbaseframe.sty
"
Package: beamerbaseframe 2011/09/12  (rcs-revision 70f9d8411e54)
\beamer@framebox=\box40
\beamer@frametitlebox=\box41
\beamer@zoombox=\box42
\beamer@zoomcount=\count133
\beamer@zoomframecount=\count134
\beamer@frametextheight=\dimen164
\c@subsectionslide=\count135
\beamer@frametopskip=\skip45
\beamer@framebottomskip=\skip46
\beamer@frametopskipautobreak=\skip47
\beamer@framebottomskipautobreak=\skip48
\beamer@envbody=\toks24
\c@framenumber=\count136
)
("C:\Program Files (x86)\MiKTeX 2.9\tex\latex\beamer\base\beamerbaseverbatim.st
y"
Package: beamerbaseverbatim 2011/09/12  (rcs-revision 70f9d8411e54)
\beamer@verbatimfileout=\write4
)
("C:\Program Files (x86)\MiKTeX 2.9\tex\latex\beamer\base\beamerbaseframesize.s
ty"
Package: beamerbaseframesize 2011/09/12  (rcs-revision 70f9d8411e54)
\beamer@splitbox=\box43
\beamer@autobreakcount=\count137
\beamer@autobreaklastheight=\dimen165
\beamer@frametitletoks=\toks25
\beamer@framesubtitletoks=\toks26
)
("C:\Program Files (x86)\MiKTeX 2.9\tex\latex\beamer\base\beamerbaseframecompon
ents.sty"
Package: beamerbaseframecomponents 2011/09/12  (rcs-revision 70f9d8411e54)
\beamer@footins=\box44
)
("C:\Program Files (x86)\MiKTeX 2.9\tex\latex\beamer\base\beamerbasecolor.sty"
Package: beamerbasecolor 2010/06/06  (rcs-revision d1a9b48be06d)
) ("C:\Program Files (x86)\MiKTeX 2.9\tex\latex\beamer\base\beamerbasenotes.sty
"
Package: beamerbasenotes 2010/05/01  (rcs-revision efa082c6111d)
\beamer@frameboxcopy=\box45
) ("C:\Program Files (x86)\MiKTeX 2.9\tex\latex\beamer\base\beamerbasetoc.sty"
Package: beamerbasetoc 2010/06/11  (rcs-revision 242ecaa6783b)
)
("C:\Program Files (x86)\MiKTeX 2.9\tex\latex\beamer\base\beamerbasetemplates.s
ty"
Package: beamerbasetemplates 2010/05/01  (rcs-revision efa082c6111d)
\beamer@sbttoks=\toks27

("C:\Program Files (x86)\MiKTeX 2.9\tex\latex\beamer\base\beamerbaseauxtemplate
s.sty"
Package: beamerbaseauxtemplates 2010/05/01  (rcs-revision efa082c6111d)

("C:\Program Files (x86)\MiKTeX 2.9\tex\latex\beamer\base\beamerbaseboxes.sty"
Package: beamerbaseboxes 2010/05/01  (rcs-revision efa082c6111d)
\bmb@box=\box46
\bmb@colorbox=\box47
\bmb@boxshadow=\box48
\bmb@boxshadowball=\box49
\bmb@boxshadowballlarge=\box50
\bmb@temp=\dimen166
\bmb@dima=\dimen167
\bmb@dimb=\dimen168
\bmb@prevheight=\dimen169
)
\beamer@blockheadheight=\dimen170
))
("C:\Program Files (x86)\MiKTeX 2.9\tex\latex\beamer\base\beamerbaselocalstruct
ure.sty"
Package: beamerbaselocalstructure 2010/09/19  (rcs-revision 9224c5f3ce70)
 ("C:\Program Files (x86)\MiKTeX 2.9\tex\latex\tools\enumerate.sty"
Package: enumerate 1999/03/05 v3.00 enumerate extensions (DPC)
\@enLab=\toks28
)
\c@figure=\count138
\c@table=\count139
\abovecaptionskip=\skip49
\belowcaptionskip=\skip50
)
("C:\Program Files (x86)\MiKTeX 2.9\tex\latex\beamer\base\beamerbasenavigation.
sty"
Package: beamerbasenavigation 2010/05/01  (rcs-revision efa082c6111d)
)
("C:\Program Files (x86)\MiKTeX 2.9\tex\latex\beamer\base\beamerbasetheorems.st
y"
Package: beamerbasetheorems 2010/06/06  (rcs-revision 7e7cc5e53e9d)
 ("C:\Program Files (x86)\MiKTeX 2.9\tex\latex\ams\math\amsmath.sty"
Package: amsmath 2000/07/18 v2.13 AMS math features
\@mathmargin=\skip51

For additional information on amsmath, use the `?' option.
("C:\Program Files (x86)\MiKTeX 2.9\tex\latex\ams\math\amstext.sty"
Package: amstext 2000/06/29 v2.01

("C:\Program Files (x86)\MiKTeX 2.9\tex\latex\ams\math\amsgen.sty"
File: amsgen.sty 1999/11/30 v2.0
\@emptytoks=\toks29
\ex@=\dimen171
))
("C:\Program Files (x86)\MiKTeX 2.9\tex\latex\ams\math\amsbsy.sty"
Package: amsbsy 1999/11/29 v1.2d
\pmbraise@=\dimen172
)
("C:\Program Files (x86)\MiKTeX 2.9\tex\latex\ams\math\amsopn.sty"
Package: amsopn 1999/12/14 v2.01 operator names
)
\inf@bad=\count140
LaTeX Info: Redefining \frac on input line 211.
\uproot@=\count141
\leftroot@=\count142
LaTeX Info: Redefining \overline on input line 307.
\classnum@=\count143
\DOTSCASE@=\count144
LaTeX Info: Redefining \ldots on input line 379.
LaTeX Info: Redefining \dots on input line 382.
LaTeX Info: Redefining \cdots on input line 467.
\Mathstrutbox@=\box51
\strutbox@=\box52
\big@size=\dimen173
LaTeX Font Info:    Redeclaring font encoding OML on input line 567.
LaTeX Font Info:    Redeclaring font encoding OMS on input line 568.
\macc@depth=\count145
\c@MaxMatrixCols=\count146
\dotsspace@=\muskip11
\c@parentequation=\count147
\dspbrk@lvl=\count148
\tag@help=\toks30
\row@=\count149
\column@=\count150
\maxfields@=\count151
\andhelp@=\toks31
\eqnshift@=\dimen174
\alignsep@=\dimen175
\tagshift@=\dimen176
\tagwidth@=\dimen177
\totwidth@=\dimen178
\lineht@=\dimen179
\@envbody=\toks32
\multlinegap=\skip52
\multlinetaggap=\skip53
\mathdisplay@stack=\toks33
LaTeX Info: Redefining \[ on input line 2666.
LaTeX Info: Redefining \] on input line 2667.
)
("C:\Program Files (x86)\MiKTeX 2.9\tex\latex\ams\classes\amsthm.sty"
Package: amsthm 2004/08/06 v2.20
\thm@style=\toks34
\thm@bodyfont=\toks35
\thm@headfont=\toks36
\thm@notefont=\toks37
\thm@headpunct=\toks38
\thm@preskip=\skip54
\thm@postskip=\skip55
\thm@headsep=\skip56
\dth@everypar=\toks39
)
\c@theorem=\count152
)
("C:\Program Files (x86)\MiKTeX 2.9\tex\latex\beamer\base\beamerbasethemes.sty"
Package: beamerbasethemes 2010/05/01  (rcs-revision efa082c6111d)
))
("C:\Program Files (x86)\MiKTeX 2.9\tex\latex\beamer\base\themes\theme\beamerth
emedefault.sty"
Package: beamerthemedefault 2010/06/17  (rcs-revision d02a7cf4d8ae)

("C:\Program Files (x86)\MiKTeX 2.9\tex\latex\beamer\base\themes\font\beamerfon
tthemedefault.sty"
Package: beamerfontthemedefault 2010/06/17  (rcs-revision d02a7cf4d8ae)
)
("C:\Program Files (x86)\MiKTeX 2.9\tex\latex\beamer\base\themes\color\beamerco
lorthemedefault.sty"
Package: beamercolorthemedefault 2010/06/17  (rcs-revision d02a7cf4d8ae)
)
("C:\Program Files (x86)\MiKTeX 2.9\tex\latex\beamer\base\themes\inner\beamerin
nerthemedefault.sty"
Package: beamerinnerthemedefault 2010/06/17  (rcs-revision d02a7cf4d8ae)
\beamer@dima=\dimen180
\beamer@dimb=\dimen181
)
("C:\Program Files (x86)\MiKTeX 2.9\tex\latex\beamer\base\themes\outer\beamerou
terthemedefault.sty"
Package: beamerouterthemedefault 2010/06/17  (rcs-revision d02a7cf4d8ae)
)))
("C:\Program Files (x86)\MiKTeX 2.9\tex\latex\base\inputenc.sty"
Package: inputenc 2008/03/30 v1.1d Input encoding file
\inpenc@prehook=\toks40
\inpenc@posthook=\toks41

("C:\Program Files (x86)\MiKTeX 2.9\tex\latex\base\latin1.def"
File: latin1.def 2008/03/30 v1.1d Input encoding file
))
("C:\Program Files (x86)\MiKTeX 2.9\tex\latex\base\fontenc.sty"
Package: fontenc 2005/09/27 v1.99g Standard LaTeX package

("C:\Program Files (x86)\MiKTeX 2.9\tex\latex\base\t1enc.def"
File: t1enc.def 2005/09/27 v1.99g Standard LaTeX file
LaTeX Font Info:    Redeclaring font encoding T1 on input line 43.
))
("C:\Program Files (x86)\MiKTeX 2.9\tex\generic\babel\babel.sty"
Package: babel 2008/07/08 v3.8m The Babel package

*************************************
* Local config file bblopts.cfg used
*
("C:\Program Files (x86)\MiKTeX 2.9\tex\latex\00miktex\bblopts.cfg"
File: bblopts.cfg 2006/07/31 v1.0 MiKTeX 'babel' configuration
)
("C:\Program Files (x86)\MiKTeX 2.9\tex\generic\babel\portuges.ldf"
Language: portuges 2008/03/18 v1.2q Portuguese support from the babel system

("C:\Program Files (x86)\MiKTeX 2.9\tex\generic\babel\babel.def"
File: babel.def 2008/07/08 v3.8m Babel common definitions
LaTeX Info: Redefining \textlatin on input line 82.
\babel@savecnt=\count153
\U@D=\dimen182
)
\l@brazil = a dialect from \language\l@portuges 
Package babel Info: Making " an active character on input line 145.
))
("C:\Program Files (x86)\MiKTeX 2.9\tex\latex\algorithm2e\algorithm2e.sty"
Package: algorithm2e 2013/01/06 v5.00 algorithms environments
\c@AlgoLine=\count154

("C:\Program Files (x86)\MiKTeX 2.9\tex\latex\base\ifthen.sty"
Package: ifthen 2001/05/26 v1.1c Standard LaTeX ifthen package (DPC)
)
("C:\Program Files (x86)\MiKTeX 2.9\tex\latex\tools\xspace.sty"
Package: xspace 2009/10/20 v1.13 Space after command names (DPC,MH)
)
("C:\Program Files (x86)\MiKTeX 2.9\tex\latex\ltxmisc\relsize.sty"
Package: relsize 2003/07/04 ver 3.1
)
********************************************************
Package `algorithm2e' Release 5.0 -- january 06 2013 --
- algorithm2e-announce@lirmm.fr mailing list for announcement about releases
- algorithm2e-discussion@lirmm.fr mailing list for discussion about package
subscribe by emailing sympa@lirmm.fr with 'subscribe <list> <firstname name>'
- Author: Christophe Fiorio (cfiorio@um2.fr)
********************************************************
\skiptotal=\skip57
\skiplinenumber=\skip58
\skiprule=\skip59
\skiphlne=\skip60
\skiptext=\skip61
\skiplength=\skip62
\algomargin=\skip63
\skipalgocfslide=\skip64
\algowidth=\dimen183
\inoutsize=\dimen184
\inoutindent=\dimen185
\interspacetitleruled=\dimen186
\interspacealgoruled=\dimen187
\interspacetitleboxruled=\dimen188
\algocf@inoutbox=\box53
\algocf@inputbox=\box54
\AlCapSkip=\skip65
\AlCapHSkip=\skip66
\algoskipindent=\skip67
\algocf@nlbox=\box55
\algocf@hangingbox=\box56
\algocf@untilbox=\box57
\algocf@skipuntil=\skip68
\algocf@capbox=\box58
\algoheightruledefault=\skip69
\algoheightrule=\skip70
\algotitleheightruledefault=\skip71
\algotitleheightrule=\skip72
\c@algocfline=\count155
\c@algocfproc=\count156
\c@algocf=\count157
\algocf@algoframe=\box59
\algocf@algobox=\box60
) ("C:\Program Files (x86)\MiKTeX 2.9\tex\latex\ae\ae.sty"
Package: ae 2001/02/12 1.3 Almost European Computer Modern

("C:\Program Files (x86)\MiKTeX 2.9\tex\latex\base\fontenc.sty"
Package: fontenc 2005/09/27 v1.99g Standard LaTeX package

("C:\Program Files (x86)\MiKTeX 2.9\tex\latex\base\t1enc.def"
File: t1enc.def 2005/09/27 v1.99g Standard LaTeX file
LaTeX Font Info:    Redeclaring font encoding T1 on input line 43.
)
LaTeX Font Info:    Try loading font information for T1+aer on input line 100.

("C:\Program Files (x86)\MiKTeX 2.9\tex\latex\ae\t1aer.fd"
File: t1aer.fd 1997/11/16 Font definitions for T1/aer.
)))
("C:\Program Files (x86)\MiKTeX 2.9\tex\latex\algorithms\algorithmic.sty"
Package: algorithmic 2009/08/24 v0.1 Document Style `algorithmic'
\c@ALC@unique=\count158
\c@ALC@line=\count159
\c@ALC@rem=\count160
\c@ALC@depth=\count161
\ALC@tlm=\skip73
\algorithmicindent=\skip74
)
("C:\Program Files (x86)\MiKTeX 2.9\tex\latex\etoolbox\etoolbox.sty"
Package: etoolbox 2011/01/03 v2.1 e-TeX tools for LaTeX

("C:\Program Files (x86)\MiKTeX 2.9\tex\latex\misc\etex.sty"
Package: etex 1998/03/26 v2.0 eTeX basic definition package (PEB)
\et@xins=\count162
)
\etb@tempcnta=\count163
)
("C:\Program Files (x86)\MiKTeX 2.9\tex\generic\xypic\xy.sty"
("C:\Program Files (x86)\MiKTeX 2.9\tex\generic\xypic\xy.tex" Bootstrap'ing:
catcodes, docmode,
("C:\Program Files (x86)\MiKTeX 2.9\tex\generic\xypic\xyrecat.tex")
("C:\Program Files (x86)\MiKTeX 2.9\tex\generic\xypic\xyidioms.tex")

 Xy-pic version 3.8.6 <2011/05/27>
 Copyright (c) 1991-2011 by Kristoffer H. Rose <krisrose@tug.org>
 Xy-pic is free software: see the User's Guide for details.

Loading kernel: messages; fonts; allocations: state,
\X@c=\dimen189
\Y@c=\dimen190
\U@c=\dimen191
\D@c=\dimen192
\L@c=\dimen193
\R@c=\dimen194
\Edge@c=\toks42
\X@p=\dimen195
\Y@p=\dimen196
\U@p=\dimen197
\D@p=\dimen198
\L@p=\dimen199
\R@p=\dimen200
\Edge@p=\toks43
\X@origin=\dimen201
\Y@origin=\dimen202
\X@xbase=\dimen203
\Y@xbase=\dimen204
\X@ybase=\dimen205
\Y@ybase=\dimen206
\X@min=\dimen207
\Y@min=\dimen208
\X@max=\dimen209
\Y@max=\dimen210
\lastobjectbox@=\box61
\zerodotbox@=\box62
\almostz@=\dimen211
 direction,
\d@X=\dimen212
\d@Y=\dimen213
\K@=\count164
\KK@=\count165
\Direction=\count166
\K@dXdY=\dimen214
\K@dYdX=\dimen215
\xyread@=\read2
\xywrite@=\write5
\csp@=\count167
\quotPTK@=\dimen216

utility macros; pictures: \xy, positions,
\swaptoks@@=\toks44
\connectobjectbox@@=\box63
 objects,
\styletoks@=\toks45
 decorations;
kernel objects: directionals, circles, text; options; algorithms: directions,
edges, connections;  Xy-pic loaded)
Package: xy 2011/05/27 Xy-pic version 3.8.6

("C:\Program Files (x86)\MiKTeX 2.9\tex\generic\xypic\xyall.tex"
 Xy-pic option: All features v.3.8
("C:\Program Files (x86)\MiKTeX 2.9\tex\generic\xypic\xycurve.tex"
 Xy-pic option: Curve and Spline extension v.3.12 curve,
\crv@cnt@=\count168
\crvpts@=\toks46
\splinebox@=\box64
\splineval@=\dimen217
\splinedepth@=\dimen218
\splinetol@=\dimen219
\splinelength@=\dimen220
 circles,
\L@=\dimen221
 loaded)
("C:\Program Files (x86)\MiKTeX 2.9\tex\generic\xypic\xyframe.tex"
 Xy-pic option: Frame and Bracket extension v.3.13 loaded)
("C:\Program Files (x86)\MiKTeX 2.9\tex\generic\xypic\xycmtip.tex"
 Xy-pic option: Computer Modern tip extension v.3.7
("C:\Program Files (x86)\MiKTeX 2.9\tex\generic\xypic\xytips.tex"
 Xy-pic option: More Tips extension v.3.9 loaded) loaded)
("C:\Program Files (x86)\MiKTeX 2.9\tex\generic\xypic\xyline.tex"
 Xy-pic option: Line styles extension v.3.10
\xylinethick@=\dimen222
 loaded)
("C:\Program Files (x86)\MiKTeX 2.9\tex\generic\xypic\xyrotate.tex"
 Xy-pic option: Rotate and Scale extension v.3.8 loaded)
("C:\Program Files (x86)\MiKTeX 2.9\tex\generic\xypic\xycolor.tex"
 Xy-pic option: Colour extension v.3.11 loaded)
("C:\Program Files (x86)\MiKTeX 2.9\tex\generic\xypic\xymatrix.tex"
 Xy-pic option: Matrix feature v.3.14
\Row=\count169
\Col=\count170
\queue@=\toks47
\queue@@=\toks48
\qcount@=\count171
\qcount@@=\count172
\matrixsize@=\count173
 loaded)
("C:\Program Files (x86)\MiKTeX 2.9\tex\generic\xypic\xyarrow.tex"
 Xy-pic option: Arrow and Path feature v.3.9 path, \ar, loaded)
("C:\Program Files (x86)\MiKTeX 2.9\tex\generic\xypic\xygraph.tex"
 Xy-pic option: Graph feature v.3.11 loaded) loaded)
("C:\Program Files (x86)\MiKTeX 2.9\tex\generic\xypic\xypdf.tex"
 Xy-pic option: PDF driver v.1.7 Xy-pic pdf driver: `color' extension support
("C:\Program Files (x86)\MiKTeX 2.9\tex\generic\xypic\xypdf-co.tex" loaded)
Xy-pic pdf driver: `curve' extension support
("C:\Program Files (x86)\MiKTeX 2.9\tex\generic\xypic\xypdf-cu.tex" loaded)
Xy-pic pdf driver: `frame' extension support
("C:\Program Files (x86)\MiKTeX 2.9\tex\generic\xypic\xypdf-fr.tex" loaded)
Xy-pic pdf driver: `line' extension support
("C:\Program Files (x86)\MiKTeX 2.9\tex\generic\xypic\xypdf-li.tex" loaded)
Xy-pic pdf driver: `rotate' extension support
("C:\Program Files (x86)\MiKTeX 2.9\tex\generic\xypic\xypdf-ro.tex" loaded)
loaded)) ("C:\Program Files (x86)\MiKTeX 2.9\tex\latex\caption\caption.sty"
Package: caption 2013/05/02 v3.3-89 Customizing captions (AR)

("C:\Program Files (x86)\MiKTeX 2.9\tex\latex\caption\caption3.sty"
Package: caption3 2013/05/02 v1.6-88 caption3 kernel (AR)
Package caption3 Info: TeX engine: e-TeX on input line 57.
\captionmargin=\dimen223
\captionmargin@=\dimen224
\captionwidth=\dimen225
\caption@tempdima=\dimen226
\caption@indent=\dimen227
\caption@parindent=\dimen228
\caption@hangindent=\dimen229
)
\c@ContinuedFloat=\count174
Package caption Info: beamer document class.
Package caption Info: hyperref package is loaded.
Package caption Info: Hyperref support is turned off
(caption)             because hyperref has stopped early.
)
("C:\Program Files (x86)\MiKTeX 2.9\tex\latex\mh\empheq.sty"
Package: empheq 2013/02/12 v2.13 Emphasizing equations

("C:\Program Files (x86)\MiKTeX 2.9\tex\latex\mh\mhsetup.sty"
Package: mhsetup 2010/01/21 v1.2a programming setup (MH)
)
("C:\Program Files (x86)\MiKTeX 2.9\tex\latex\mh\mathtools.sty"
Package: mathtools 2013/02/12 v1.13 mathematical typesetting tools

("C:\Program Files (x86)\MiKTeX 2.9\tex\latex\tools\calc.sty"
Package: calc 2007/08/22 v4.3 Infix arithmetic (KKT,FJ)
\calc@Acount=\count175
\calc@Bcount=\count176
\calc@Adimen=\dimen230
\calc@Bdimen=\dimen231
\calc@Askip=\skip75
\calc@Bskip=\skip76
LaTeX Info: Redefining \setlength on input line 76.
LaTeX Info: Redefining \addtolength on input line 77.
\calc@Ccount=\count177
\calc@Cskip=\skip77
)
LaTeX Info: Thecontrolsequence`\['isalreadyrobust on input line 129.
LaTeX Info: Thecontrolsequence`\]'isalreadyrobust on input line 129.
\g_MT_multlinerow_int=\count178
\l_MT_multwidth_dim=\dimen232
\origjot=\skip78
\l_MT_shortvdotswithinadjustabove_dim=\dimen233
Normal \dimen register pool exhausted, switching to extended pool.
\l_MT_shortvdotswithinadjustbelow_dim=\dimen256
\l_MT_above_intertext_sep=\dimen257
\l_MT_below_intertext_sep=\dimen258
\l_MT_above_shortintertext_sep=\dimen259
\l_MT_below_shortintertext_sep=\dimen260
)
\l_EQ_equationtype_int=\count179
\l_EQ_alignmentmode_int=\count180
\l_EQ_totalwidth_dim=\dimen261
\l_EQ_displaywidth_dim=\dimen262
\l_EQ_temp_linewidth_dim=\dimen263
\EmphEqdelimitershortfall=\dimen264
\EmphEqdelimiterfactor=\count181
\g_EQ_toptag_height_dim=\dimen265
\g_EQ_bottomtag_depth_dim=\dimen266
\g_EQ_toprow_height_dim=\dimen267
\g_EQ_bottomrow_depth_dim=\dimen268
\g_EQ_widesttag_dim=\dimen269
\EQ_mathdisplay_box=\box65
\EQ_tag_box=\box66
\g_EQ_temprow_int=\count182
)
("C:\Program Files (x86)\MiKTeX 2.9\tex\latex\fancybox\fancybox.sty"
Package: fancybox 2010/05/15 1.4

Style option: `fancybox' v1.4 <2010/05/15> (tvz)
\@fancybox=\box67
\shadowsize=\dimen270
\@Sbox=\box68
\do@VerbBox=\toks49
\the@fancyput=\toks50
\this@fancyput=\toks51
\EndVerbatimTokens=\toks52
\Verbatim@Outfile=\write6
\Verbatim@Infile=\read3
) ("C:\Program Files (x86)\MiKTeX 2.9\tex\latex\marvosym\marvosym.sty"
Package: marvosym 2011/07/20 v2.2 Martin Vogel's Symbols font definitions
)
("C:\Program Files (x86)\MiKTeX 2.9\tex\latex\multirow\multirow.sty"
\bigstrutjot=\dimen271
)
("C:\Program Files (x86)\MiKTeX 2.9\tex\latex\base\textcomp.sty"
Package: textcomp 2005/09/27 v1.99g Standard LaTeX package
Package textcomp Info: Sub-encoding information:
(textcomp)               5 = only ISO-Adobe without \textcurrency
(textcomp)               4 = 5 + \texteuro
(textcomp)               3 = 4 + \textohm
(textcomp)               2 = 3 + \textestimated + \textcurrency
(textcomp)               1 = TS1 - \textcircled - \t
(textcomp)               0 = TS1 (full)
(textcomp)             Font families with sub-encoding setting implement
(textcomp)             only a restricted character set as indicated.
(textcomp)             Family '?' is the default used for unknown fonts.
(textcomp)             See the documentation for details.
Package textcomp Info: Setting ? sub-encoding to TS1/1 on input line 71.

("C:\Program Files (x86)\MiKTeX 2.9\tex\latex\base\ts1enc.def"
File: ts1enc.def 2001/06/05 v3.0e (jk/car/fm) Standard LaTeX file
)
LaTeX Info: Redefining \oldstylenums on input line 266.
Package textcomp Info: Setting cmr sub-encoding to TS1/0 on input line 281.
Package textcomp Info: Setting cmss sub-encoding to TS1/0 on input line 282.
Package textcomp Info: Setting cmtt sub-encoding to TS1/0 on input line 283.
Package textcomp Info: Setting cmvtt sub-encoding to TS1/0 on input line 284.
Package textcomp Info: Setting cmbr sub-encoding to TS1/0 on input line 285.
Package textcomp Info: Setting cmtl sub-encoding to TS1/0 on input line 286.
Package textcomp Info: Setting ccr sub-encoding to TS1/0 on input line 287.
Package textcomp Info: Setting ptm sub-encoding to TS1/4 on input line 288.
Package textcomp Info: Setting pcr sub-encoding to TS1/4 on input line 289.
Package textcomp Info: Setting phv sub-encoding to TS1/4 on input line 290.
Package textcomp Info: Setting ppl sub-encoding to TS1/3 on input line 291.
Package textcomp Info: Setting pag sub-encoding to TS1/4 on input line 292.
Package textcomp Info: Setting pbk sub-encoding to TS1/4 on input line 293.
Package textcomp Info: Setting pnc sub-encoding to TS1/4 on input line 294.
Package textcomp Info: Setting pzc sub-encoding to TS1/4 on input line 295.
Package textcomp Info: Setting bch sub-encoding to TS1/4 on input line 296.
Package textcomp Info: Setting put sub-encoding to TS1/5 on input line 297.
Package textcomp Info: Setting uag sub-encoding to TS1/5 on input line 298.
Package textcomp Info: Setting ugq sub-encoding to TS1/5 on input line 299.
Package textcomp Info: Setting ul8 sub-encoding to TS1/4 on input line 300.
Package textcomp Info: Setting ul9 sub-encoding to TS1/4 on input line 301.
Package textcomp Info: Setting augie sub-encoding to TS1/5 on input line 302.
Package textcomp Info: Setting dayrom sub-encoding to TS1/3 on input line 303.
Package textcomp Info: Setting dayroms sub-encoding to TS1/3 on input line 304.

Package textcomp Info: Setting pxr sub-encoding to TS1/0 on input line 305.
Package textcomp Info: Setting pxss sub-encoding to TS1/0 on input line 306.
Package textcomp Info: Setting pxtt sub-encoding to TS1/0 on input line 307.
Package textcomp Info: Setting txr sub-encoding to TS1/0 on input line 308.
Package textcomp Info: Setting txss sub-encoding to TS1/0 on input line 309.
Package textcomp Info: Setting txtt sub-encoding to TS1/0 on input line 310.
Package textcomp Info: Setting lmr sub-encoding to TS1/0 on input line 311.
Package textcomp Info: Setting lmdh sub-encoding to TS1/0 on input line 312.
Package textcomp Info: Setting lmss sub-encoding to TS1/0 on input line 313.
Package textcomp Info: Setting lmssq sub-encoding to TS1/0 on input line 314.
Package textcomp Info: Setting lmvtt sub-encoding to TS1/0 on input line 315.
Package textcomp Info: Setting qhv sub-encoding to TS1/0 on input line 316.
Package textcomp Info: Setting qag sub-encoding to TS1/0 on input line 317.
Package textcomp Info: Setting qbk sub-encoding to TS1/0 on input line 318.
Package textcomp Info: Setting qcr sub-encoding to TS1/0 on input line 319.
Package textcomp Info: Setting qcs sub-encoding to TS1/0 on input line 320.
Package textcomp Info: Setting qpl sub-encoding to TS1/0 on input line 321.
Package textcomp Info: Setting qtm sub-encoding to TS1/0 on input line 322.
Package textcomp Info: Setting qzc sub-encoding to TS1/0 on input line 323.
Package textcomp Info: Setting qhvc sub-encoding to TS1/0 on input line 324.
Package textcomp Info: Setting futs sub-encoding to TS1/4 on input line 325.
Package textcomp Info: Setting futx sub-encoding to TS1/4 on input line 326.
Package textcomp Info: Setting futj sub-encoding to TS1/4 on input line 327.
Package textcomp Info: Setting hlh sub-encoding to TS1/3 on input line 328.
Package textcomp Info: Setting hls sub-encoding to TS1/3 on input line 329.
Package textcomp Info: Setting hlst sub-encoding to TS1/3 on input line 330.
Package textcomp Info: Setting hlct sub-encoding to TS1/5 on input line 331.
Package textcomp Info: Setting hlx sub-encoding to TS1/5 on input line 332.
Package textcomp Info: Setting hlce sub-encoding to TS1/5 on input line 333.
Package textcomp Info: Setting hlcn sub-encoding to TS1/5 on input line 334.
Package textcomp Info: Setting hlcw sub-encoding to TS1/5 on input line 335.
Package textcomp Info: Setting hlcf sub-encoding to TS1/5 on input line 336.
Package textcomp Info: Setting pplx sub-encoding to TS1/3 on input line 337.
Package textcomp Info: Setting pplj sub-encoding to TS1/3 on input line 338.
Package textcomp Info: Setting ptmx sub-encoding to TS1/4 on input line 339.
Package textcomp Info: Setting ptmj sub-encoding to TS1/4 on input line 340.
)
("C:\Program Files (x86)\MiKTeX 2.9\tex\latex\wasysym\wasysym.sty"
Package: wasysym 2003/10/30 v2.0 Wasy-2 symbol support package
\symwasy=\mathgroup6
LaTeX Font Info:    Overwriting symbol font `wasy' in version `bold'
(Font)                  U/wasy/m/n --> U/wasy/b/n on input line 90.
)
("C:\Program Files (x86)\MiKTeX 2.9\tex\latex\tools\verbatim.sty"
Package: verbatim 2003/08/22 v1.5q LaTeX2e package for verbatim enhancements
\every@verbatim=\toks53
\verbatim@line=\toks54
\verbatim@in@stream=\read4
)
("C:\Program Files (x86)\MiKTeX 2.9\tex\latex\ctable\ctable.sty"
Package: ctable 2013/06/15 v1.26 ctable package for \ flexible typesetting of t
able and figure floats using key/value directives

("C:\Program Files (x86)\MiKTeX 2.9\tex\latex\xkeyval\xkeyval.sty"
Package: xkeyval 2008/08/13 v2.6a package option processing (HA)

("C:\Program Files (x86)\MiKTeX 2.9\tex\generic\xkeyval\xkeyval.tex"
\XKV@toks=\toks55
\XKV@tempa@toks=\toks56
\XKV@depth=\count183
File: xkeyval.tex 2008/08/13 v2.6a key=value parser (HA)
))
("C:\Program Files (x86)\MiKTeX 2.9\tex\latex\tools\array.sty"
Package: array 2008/09/09 v2.4c Tabular extension package (FMi)
\col@sep=\dimen272
\extrarowheight=\dimen273
\NC@list=\toks57
\extratabsurround=\skip79
\backup@length=\skip80
)
("C:\Program Files (x86)\MiKTeX 2.9\tex\latex\tools\tabularx.sty"
Package: tabularx 1999/01/07 v2.07 `tabularx' package (DPC)
\TX@col@width=\dimen274
\TX@old@table=\dimen275
\TX@old@col=\dimen276
\TX@target=\dimen277
\TX@delta=\dimen278
\TX@cols=\count184
\TX@ftn=\toks58
)
("C:\Program Files (x86)\MiKTeX 2.9\tex\latex\booktabs\booktabs.sty"
Package: booktabs 2005/04/14 v1.61803 publication quality tables
\heavyrulewidth=\dimen279
\lightrulewidth=\dimen280
\cmidrulewidth=\dimen281
\belowrulesep=\dimen282
\belowbottomsep=\dimen283
\aboverulesep=\dimen284
\abovetopsep=\dimen285
\cmidrulesep=\dimen286
\cmidrulekern=\dimen287
\defaultaddspace=\dimen288
\@cmidla=\count185
\@cmidlb=\count186
\@aboverulesep=\dimen289
\@belowrulesep=\dimen290
\@thisruleclass=\count187
\@lastruleclass=\count188
\@thisrulewidth=\dimen291
)
("C:\Program Files (x86)\MiKTeX 2.9\tex\latex\rotating\rotating.sty"
Package: rotating 2009/03/28 v2.16a rotated objects in LaTeX
\c@r@tfl@t=\count189
\rotFPtop=\skip81
\rotFPbot=\skip82
\rot@float@box=\box69
\rot@mess@toks=\toks59
)
("C:\Program Files (x86)\MiKTeX 2.9\tex\latex\oberdiek\transparent.sty"
Package: transparent 2007/01/08 v1.0 Using a pdfTeX's color stack for transpare
ncy (HO)

("C:\Program Files (x86)\MiKTeX 2.9\tex\latex\oberdiek\auxhook.sty"
Package: auxhook 2011/03/04 v1.3 Hooks for auxiliary files (HO)
))
\@ctblframesep=\dimen292
\@defaultctblframesep=\dimen293
\@ctblframerule=\dimen294
\@defaultctblframerule=\dimen295
\@ctblwidth=\dimen296
\@defaultctblwidth=\dimen297
\@ctblcaptionskip=\dimen298
\@defaultctblcaptionskip=\dimen299
\@ctblmaxwidth=\dimen300
\@defaultctblmaxwidth=\dimen301
\@ctblmincapwidth=\dimen302
\@defaultctblmincapwidth=\dimen303
\@ctblfooterwidth=\dimen304
\@defaultctblfooterwidth=\dimen305
\@ctblw=\dimen306
\@ctblfloatwidth=\dimen307
\@ctbloldsep=\dimen308
\@ctbloldrule=\dimen309
\ctbl@t=\box70
\@ctblcurftwidth=\dimen310
)
("C:\Program Files (x86)\MiKTeX 2.9\tex\latex\textpos\textpos.sty"
Package: textpos 2012/11/13 v1.7i

Package: textpos 2012/11/13 1.7i, absolute positioning of text on the page
\TP@textbox=\box71
\TPHorizModule=\dimen311
\TPVertModule=\dimen312
\TP@margin=\dimen313
\TP@absmargin=\dimen314
Grid set 16 x 16 = 22.7622pt x 17.07166pt
\TPboxrulesize=\dimen315
\TP@tbargs=\toks60
\TP@prevdepth=\dimen316
) ("C:\Program Files (x86)\MiKTeX 2.9\tex\latex\tools\multicol.sty"
Package: multicol 2011/06/27 v1.7a multicolumn formatting (FMi)
\c@tracingmulticols=\count190
\mult@box=\box72
\multicol@leftmargin=\dimen317
\c@unbalance=\count191
\c@collectmore=\count192
\doublecol@number=\count193
\multicoltolerance=\count194
\multicolpretolerance=\count195
\full@width=\dimen318
\page@free=\dimen319
\premulticols=\dimen320
\postmulticols=\dimen321
\multicolsep=\skip83
\multicolbaselineskip=\skip84
\partial@page=\box73
\last@line=\box74
\mult@rightbox=\box75
\mult@grightbox=\box76
\mult@gfirstbox=\box77
\mult@firstbox=\box78
\@tempa=\box79
\@tempa=\box80
\@tempa=\box81
\@tempa=\box82
\@tempa=\box83
\@tempa=\box84
\@tempa=\box85
\@tempa=\box86
\@tempa=\box87
\@tempa=\box88
\@tempa=\box89
\@tempa=\box90
\@tempa=\box91
\@tempa=\box92
\@tempa=\box93
\@tempa=\box94
\@tempa=\box95
\c@columnbadness=\count196
\c@finalcolumnbadness=\count197
\last@try=\dimen322
\multicolovershoot=\dimen323
\multicolundershoot=\dimen324
\mult@nat@firstbox=\box96
\colbreak@box=\box97
\multicol@sort@counter=\count198
)
("C:\Program Files (x86)\MiKTeX 2.9\tex\latex\cancel\cancel.sty"
Package: cancel 2000/03/12 v2.1 Cancel math terms
)
("C:\Program Files (x86)\MiKTeX 2.9\tex\latex\listings\listings.sty"
\lst@mode=\count199
\lst@gtempboxa=\box98
\lst@token=\toks61
\lst@length=\count200
\lst@currlwidth=\dimen325
\lst@column=\count201
\lst@pos=\count202
\lst@lostspace=\dimen326
\lst@width=\dimen327
\lst@newlines=\count203
\lst@lineno=\count204
\lst@maxwidth=\dimen328

("C:\Program Files (x86)\MiKTeX 2.9\tex\latex\listings\lstmisc.sty"
File: lstmisc.sty 2013/08/26 1.5b (Carsten Heinz)
\c@lstnumber=\count205
\lst@skipnumbers=\count206
\lst@framebox=\box99
)
("C:\Program Files (x86)\MiKTeX 2.9\tex\latex\listings\listings.cfg"
File: listings.cfg 2013/08/26 1.5b listings configuration
))
Package: listings 2013/08/26 1.5b (Carsten Heinz)

("C:\Program Files (x86)\MiKTeX 2.9\tex\latex\beamer\base\themes\theme\beamerth
emeBoadilla.sty"
Package: beamerthemeBoadilla 2010/06/17  (rcs-revision d02a7cf4d8ae)

("C:\Program Files (x86)\MiKTeX 2.9\tex\latex\beamer\base\themes\color\beamerco
lorthemerose.sty"
Package: beamercolorthemerose 2010/06/17  (rcs-revision d02a7cf4d8ae)
)
("C:\Program Files (x86)\MiKTeX 2.9\tex\latex\beamer\base\themes\inner\beamerin
nerthemerounded.sty"
Package: beamerinnerthemerounded 2010/06/17  (rcs-revision d02a7cf4d8ae)
)
("C:\Program Files (x86)\MiKTeX 2.9\tex\latex\beamer\base\themes\color\beamerco
lorthemedolphin.sty"
Package: beamercolorthemedolphin 2010/06/17  (rcs-revision d02a7cf4d8ae)
)
("C:\Program Files (x86)\MiKTeX 2.9\tex\latex\beamer\base\themes\outer\beamerou
terthemeinfolines.sty"
Package: beamerouterthemeinfolines 2010/07/10  (rcs-revision 445340293dde)
))

Package hyperref Warning: Token not allowed in a PDF string (PDFDocEncoding):
(hyperref)                removing `math shift' on input line 64.


Package hyperref Warning: Token not allowed in a PDF string (PDFDocEncoding):
(hyperref)                removing `superscript' on input line 64.


Package hyperref Warning: Token not allowed in a PDF string (PDFDocEncoding):
(hyperref)                removing `math shift' on input line 64.


Package hyperref Warning: Token not allowed in a PDF string (PDFDocEncoding):
(hyperref)                removing `\\' on input line 64.


("D:\UFC\Pagina\desafios2017.1\material\Programação Dinâmica\Programação D
inâmica.aux")
LaTeX Font Info:    Checking defaults for OML/cmm/m/it on input line 78.
LaTeX Font Info:    ... okay on input line 78.
LaTeX Font Info:    Checking defaults for T1/cmr/m/n on input line 78.
LaTeX Font Info:    ... okay on input line 78.
LaTeX Font Info:    Checking defaults for OT1/cmr/m/n on input line 78.
LaTeX Font Info:    ... okay on input line 78.
LaTeX Font Info:    Checking defaults for OMS/cmsy/m/n on input line 78.
LaTeX Font Info:    ... okay on input line 78.
LaTeX Font Info:    Checking defaults for OMX/cmex/m/n on input line 78.
LaTeX Font Info:    ... okay on input line 78.
LaTeX Font Info:    Checking defaults for U/cmr/m/n on input line 78.
LaTeX Font Info:    ... okay on input line 78.
LaTeX Font Info:    Checking defaults for PD1/pdf/m/n on input line 78.
LaTeX Font Info:    ... okay on input line 78.
LaTeX Font Info:    Checking defaults for TS1/cmr/m/n on input line 78.
LaTeX Font Info:    Try loading font information for TS1+cmr on input line 78.
 ("C:\Program Files (x86)\MiKTeX 2.9\tex\latex\base\ts1cmr.fd"
File: ts1cmr.fd 1999/05/25 v2.5h Standard LaTeX font definitions
)
LaTeX Font Info:    ... okay on input line 78.
LaTeX Font Info:    Try loading font information for T1+aess on input line 78.

("C:\Program Files (x86)\MiKTeX 2.9\tex\latex\ae\t1aess.fd"
File: t1aess.fd 1997/11/16 Font definitions for T1/aess.
)
*geometry* driver: auto-detecting
*geometry* detected driver: pdftex
*geometry* verbose mode - [ preamble ] result:
* driver: pdftex
* paper: custom
* layout: <same size as paper>
* layoutoffset:(h,v)=(0.0pt,0.0pt)
* modes: includehead includefoot 
* h-part:(L,W,R)=(10.95pt, 342.29536pt, 10.95pt)
* v-part:(T,H,B)=(0.0pt, 273.14662pt, 0.0pt)
* \paperwidth=364.19536pt
* \paperheight=273.14662pt
* \textwidth=342.29536pt
* \textheight=244.6939pt
* \oddsidemargin=-61.31999pt
* \evensidemargin=-61.31999pt
* \topmargin=-72.26999pt
* \headheight=14.22636pt
* \headsep=0.0pt
* \topskip=11.0pt
* \footskip=14.22636pt
* \marginparwidth=4.0pt
* \marginparsep=10.0pt
* \columnsep=10.0pt
* \skip\footins=10.0pt plus 4.0pt minus 2.0pt
* \hoffset=0.0pt
* \voffset=0.0pt
* \mag=1000
* \@twocolumnfalse
* \@twosidefalse
* \@mparswitchfalse
* \@reversemarginfalse
* (1in=72.27pt=25.4mm, 1cm=28.453pt)

("C:\Program Files (x86)\MiKTeX 2.9\tex\context\base\supp-pdf.mkii"
[Loading MPS to PDF converter (version 2006.09.02).]
\scratchcounter=\count207
\scratchdimen=\dimen329
\scratchbox=\box100
\nofMPsegments=\count208
\nofMParguments=\count209
\everyMPshowfont=\toks62
\MPscratchCnt=\count210
\MPscratchDim=\dimen330
\MPnumerator=\count211
\makeMPintoPDFobject=\count212
\everyMPtoPDFconversion=\toks63
) ABD: EveryShipout initializing macros
\AtBeginShipoutBox=\box101
Package hyperref Info: Link coloring OFF on input line 78.

("C:\Program Files (x86)\MiKTeX 2.9\tex\latex\hyperref\nameref.sty"
Package: nameref 2010/04/30 v2.40 Cross-referencing by name of section

("C:\Program Files (x86)\MiKTeX 2.9\tex\generic\oberdiek\gettitlestring.sty"
Package: gettitlestring 2010/12/03 v1.4 Cleanup title references (HO)
)
\c@section@level=\count213
)
LaTeX Info: Redefining \ref on input line 78.
LaTeX Info: Redefining \pageref on input line 78.
LaTeX Info: Redefining \nameref on input line 78.

("D:\UFC\Pagina\desafios2017.1\material\Programação Dinâmica\Programação D
inâmica.out")
("D:\UFC\Pagina\desafios2017.1\material\Programação Dinâmica\Programação D
inâmica.out")
\@outlinefile=\write7
LaTeX Font Info:    Overwriting symbol font `operators' in version `normal'
(Font)                  OT1/cmr/m/n --> OT1/cmss/m/n on input line 78.
LaTeX Font Info:    Overwriting symbol font `operators' in version `bold'
(Font)                  OT1/cmr/bx/n --> OT1/cmss/bx/n on input line 78.
\symnumbers=\mathgroup7
\sympureletters=\mathgroup8
LaTeX Font Info:    Overwriting math alphabet `\mathrm' in version `normal'
(Font)                  OT1/cmss/m/n --> T1/aer/m/n on input line 78.
LaTeX Font Info:    Redeclaring math alphabet \mathbf on input line 78.
LaTeX Font Info:    Overwriting math alphabet `\mathbf' in version `normal'
(Font)                  OT1/cmr/bx/n --> T1/aess/bx/n on input line 78.
LaTeX Font Info:    Overwriting math alphabet `\mathbf' in version `bold'
(Font)                  OT1/cmr/bx/n --> T1/aess/bx/n on input line 78.
LaTeX Font Info:    Redeclaring math alphabet \mathsf on input line 78.
LaTeX Font Info:    Overwriting math alphabet `\mathsf' in version `normal'
(Font)                  OT1/cmss/m/n --> T1/aess/m/n on input line 78.
LaTeX Font Info:    Overwriting math alphabet `\mathsf' in version `bold'
(Font)                  OT1/cmss/bx/n --> T1/aess/m/n on input line 78.
LaTeX Font Info:    Redeclaring math alphabet \mathit on input line 78.
LaTeX Font Info:    Overwriting math alphabet `\mathit' in version `normal'
(Font)                  OT1/cmr/m/it --> T1/aess/m/it on input line 78.
LaTeX Font Info:    Overwriting math alphabet `\mathit' in version `bold'
(Font)                  OT1/cmr/bx/it --> T1/aess/m/it on input line 78.
LaTeX Font Info:    Redeclaring math alphabet \mathtt on input line 78.
LaTeX Font Info:    Overwriting math alphabet `\mathtt' in version `normal'
(Font)                  OT1/cmtt/m/n --> T1/aett/m/n on input line 78.
LaTeX Font Info:    Overwriting math alphabet `\mathtt' in version `bold'
(Font)                  OT1/cmtt/m/n --> T1/aett/m/n on input line 78.
LaTeX Font Info:    Overwriting symbol font `numbers' in version `bold'
(Font)                  T1/aess/m/n --> T1/aess/bx/n on input line 78.
LaTeX Font Info:    Overwriting symbol font `pureletters' in version `bold'
(Font)                  T1/aess/m/it --> T1/aess/bx/it on input line 78.
LaTeX Font Info:    Overwriting math alphabet `\mathrm' in version `bold'
(Font)                  OT1/cmss/bx/n --> T1/aer/bx/n on input line 78.
LaTeX Font Info:    Overwriting math alphabet `\mathbf' in version `bold'
(Font)                  T1/aess/bx/n --> T1/aess/bx/n on input line 78.
LaTeX Font Info:    Overwriting math alphabet `\mathsf' in version `bold'
(Font)                  T1/aess/m/n --> T1/aess/bx/n on input line 78.
LaTeX Font Info:    Overwriting math alphabet `\mathit' in version `bold'
(Font)                  T1/aess/m/it --> T1/aess/bx/it on input line 78.
LaTeX Font Info:    Overwriting math alphabet `\mathtt' in version `bold'
(Font)                  T1/aett/m/n --> T1/aett/bx/n on input line 78.

("C:\Program Files (x86)\MiKTeX 2.9\tex\latex\beamer\base\translator\dicts\tran
slator-basic-dictionary-English.dict"
Dictionary: translator-basic-dictionary, Language: English 
)
("C:\Program Files (x86)\MiKTeX 2.9\tex\latex\beamer\base\translator\dicts\tran
slator-bibliography-dictionary-English.dict"
Dictionary: translator-bibliography-dictionary, Language: English 
)
("C:\Program Files (x86)\MiKTeX 2.9\tex\latex\beamer\base\translator\dicts\tran
slator-environment-dictionary-English.dict"
Dictionary: translator-environment-dictionary, Language: English 
)
("C:\Program Files (x86)\MiKTeX 2.9\tex\latex\beamer\base\translator\dicts\tran
slator-months-dictionary-English.dict"
Dictionary: translator-months-dictionary, Language: English 
)
("C:\Program Files (x86)\MiKTeX 2.9\tex\latex\beamer\base\translator\dicts\tran
slator-numbers-dictionary-English.dict"
Dictionary: translator-numbers-dictionary, Language: English 
)
("C:\Program Files (x86)\MiKTeX 2.9\tex\latex\beamer\base\translator\dicts\tran
slator-theorem-dictionary-English.dict"
Dictionary: translator-theorem-dictionary, Language: English 
)
LaTeX Font Info:    Try loading font information for U+msa on input line 78.

("C:\Program Files (x86)\MiKTeX 2.9\tex\latex\amsfonts\umsa.fd"
File: umsa.fd 2009/06/22 v3.00 AMS symbols A
)
LaTeX Font Info:    Try loading font information for U+msb on input line 78.

("C:\Program Files (x86)\MiKTeX 2.9\tex\latex\amsfonts\umsb.fd"
File: umsb.fd 2009/06/22 v3.00 AMS symbols B
)
LaTeX Font Info:    Try loading font information for U+wasy on input line 78.

("C:\Program Files (x86)\MiKTeX 2.9\tex\latex\wasysym\uwasy.fd"
File: uwasy.fd 2003/10/30 v2.0 Wasy-2 symbol font definitions
)
LaTeX Font Info:    Font shape `T1/aess/m/it' in size <10.95> not available
(Font)              Font shape `T1/aess/m/sl' tried instead on input line 78.
LaTeX Font Info:    Font shape `T1/aess/m/it' in size <8> not available
(Font)              Font shape `T1/aess/m/sl' tried instead on input line 78.
LaTeX Font Info:    Font shape `T1/aess/m/it' in size <6> not available
(Font)              Font shape `T1/aess/m/sl' tried instead on input line 78.
Package xypdf Info: Line width: 0.43799pt on input line 78.
Package caption Info: Begin \AtBeginDocument code.
Package caption Info: listings package is loaded.
Package caption Info: rotating package is loaded.
Package caption Info: End \AtBeginDocument code.
\c@lstlisting=\count214

("D:\UFC\Pagina\desafios2017.1\material\Programação Dinâmica\Programação D
inâmica.nav")
Overfull \hbox (12.33511pt too wide) in paragraph at lines 78--78
 [][][][]  
 []

LaTeX Font Info:    Font shape `T1/aess/m/it' in size <10> not available
(Font)              Font shape `T1/aess/m/sl' tried instead on input line 82.
LaTeX Font Info:    Font shape `T1/aess/m/it' in size <7> not available
(Font)              Font shape `T1/aess/m/sl' tried instead on input line 82.
LaTeX Font Info:    Font shape `T1/aess/m/it' in size <5> not available
(Font)              Font shape `T1/aess/m/sl' tried instead on input line 82.

Overfull \hbox (12.33511pt too wide) has occurred while \output is active
 [][][][]  
 []

[1

{C:/Users/ufc/AppData/Local/MiKTeX/2.9/pdftex/config/pdftex.map}]
("D:\UFC\Pagina\desafios2017.1\material\Programação Dinâmica\Programação D
inâmica.toc")
Overfull \hbox (12.33511pt too wide) has occurred while \output is active
 [][][][]  
 []

[2

]
Overfull \hbox (12.33511pt too wide) has occurred while \output is active
 [][][][]  
 []

[3

]
Overfull \hbox (12.33511pt too wide) has occurred while \output is active
 [][][][]  
 []

[4

]
("D:\UFC\Pagina\desafios2017.1\material\Programação Dinâmica\Programação D
inâmica.toc")
Overfull \hbox (12.33511pt too wide) has occurred while \output is active
 [][][][]  
 []

[5

]
Overfull \hbox (12.33511pt too wide) has occurred while \output is active
 [][][][]  
 []

[6

]
Overfull \hbox (12.33511pt too wide) has occurred while \output is active
 [][][][]  
 []

[7

]
Overfull \hbox (12.33511pt too wide) has occurred while \output is active
 [][][][]  
 []

[8

]
("D:\UFC\Pagina\desafios2017.1\material\Programação Dinâmica\Programação D
inâmica.vrb"
("C:\Program Files (x86)\MiKTeX 2.9\tex\latex\listings\lstlang1.sty"
File: lstlang1.sty 2013/08/26 1.5b listings language file
)
("C:\Program Files (x86)\MiKTeX 2.9\tex\latex\listings\lstmisc.sty"
File: lstmisc.sty 2013/08/26 1.5b (Carsten Heinz)
)
LaTeX Font Info:    Font shape `T1/aess/m/it' in size <9> not available
(Font)              Font shape `T1/aess/m/sl' tried instead on input line 8.
)
Overfull \hbox (12.33511pt too wide) has occurred while \output is active
 [][][][]  
 []

[9

]
Overfull \hbox (12.33511pt too wide) has occurred while \output is active
 [][][][]  
 []

[10

]
Overfull \hbox (12.33511pt too wide) has occurred while \output is active
 [][][][]  
 []

[11

]
("D:\UFC\Pagina\desafios2017.1\material\Programação Dinâmica\Programação D
inâmica.vrb")
Overfull \hbox (12.33511pt too wide) has occurred while \output is active
 [][][][]  
 []

[12

]
("D:\UFC\Pagina\desafios2017.1\material\Programação Dinâmica\Programação D
inâmica.vrb")
Overfull \hbox (12.33511pt too wide) has occurred while \output is active
 [][][][]  
 []

[13

]
("D:\UFC\Pagina\desafios2017.1\material\Programação Dinâmica\Programação D
inâmica.toc")
Overfull \hbox (12.33511pt too wide) has occurred while \output is active
 [][][][]  
 []

[14

]
Overfull \hbox (12.33511pt too wide) has occurred while \output is active
 [][][][]  
 []

[15

]
Overfull \hbox (12.33511pt too wide) has occurred while \output is active
 [][][][]  
 []

[16

]
("D:\UFC\Pagina\desafios2017.1\material\Programação Dinâmica\Programação D
inâmica.vrb")
Overfull \hbox (12.33511pt too wide) has occurred while \output is active
 [][][][]  
 []

[17

]
Overfull \hbox (12.33511pt too wide) has occurred while \output is active
 [][][][]  
 []

[18

]
("D:\UFC\Pagina\desafios2017.1\material\Programação Dinâmica\Programação D
inâmica.vrb")
Overfull \hbox (12.33511pt too wide) has occurred while \output is active
 [][][][]  
 []

[19

]
Overfull \hbox (12.33511pt too wide) has occurred while \output is active
 [][][][]  
 []

[20

]
Overfull \hbox (12.33511pt too wide) has occurred while \output is active
 [][][][]  
 []

[21

]
Overfull \hbox (12.33511pt too wide) has occurred while \output is active
 [][][][]  
 []

[22

]
("D:\UFC\Pagina\desafios2017.1\material\Programação Dinâmica\Programação D
inâmica.vrb")
Overfull \hbox (12.33511pt too wide) has occurred while \output is active
 [][][][]  
 []

[23

]
Overfull \hbox (12.33511pt too wide) has occurred while \output is active
 [][][][]  
 []

[24

]
("D:\UFC\Pagina\desafios2017.1\material\Programação Dinâmica\Programação D
inâmica.vrb")
Overfull \hbox (12.33511pt too wide) has occurred while \output is active
 [][][][]  
 []

[25

]
Overfull \hbox (12.33511pt too wide) has occurred while \output is active
 [][][][]  
 []

[26

]
("D:\UFC\Pagina\desafios2017.1\material\Programação Dinâmica\Programação D
inâmica.toc")
Overfull \hbox (12.33511pt too wide) has occurred while \output is active
 [][][][]  
 []

[27

]
Overfull \hbox (12.33511pt too wide) has occurred while \output is active
 [][][][]  
 []

[28

]
Overfull \hbox (12.33511pt too wide) has occurred while \output is active
 [][][][]  
 []

[29

]
Overfull \hbox (12.33511pt too wide) has occurred while \output is active
 [][][][]  
 []

[30

]
Overfull \hbox (12.33511pt too wide) has occurred while \output is active
 [][][][]  
 []

[31

]
Overfull \hbox (12.33511pt too wide) has occurred while \output is active
 [][][][]  
 []

[32

]
Overfull \hbox (12.33511pt too wide) has occurred while \output is active
 [][][][]  
 []

[33

]
Overfull \hbox (12.33511pt too wide) has occurred while \output is active
 [][][][]  
 []

[34

]
Overfull \hbox (12.33511pt too wide) has occurred while \output is active
 [][][][]  
 []

[35

]
("D:\UFC\Pagina\desafios2017.1\material\Programação Dinâmica\Programação D
inâmica.vrb"
LaTeX Font Info:    Try loading font information for TS1+aess on input line 4.
LaTeX Font Info:    No file TS1aess.fd. on input line 4.


LaTeX Font Warning: Font shape `TS1/aess/m/n' undefined
(Font)              using `TS1/cmr/m/n' instead
(Font)              for symbol `textasteriskcentered' on input line 4.

)
Overfull \vbox (5.53093pt too high) detected at line 677
 []


Overfull \hbox (12.33511pt too wide) has occurred while \output is active
 [][][][]  
 []

[36

]
Overfull \hbox (12.33511pt too wide) has occurred while \output is active
 [][][][]  
 []

[37

]
Overfull \hbox (12.33511pt too wide) has occurred while \output is active
 [][][][]  
 []

[38

]
Overfull \hbox (12.33511pt too wide) has occurred while \output is active
 [][][][]  
 []

[39

]
("D:\UFC\Pagina\desafios2017.1\material\Programação Dinâmica\Programação D
inâmica.vrb"
Overfull \hbox (7.08951pt too wide) in paragraph at lines 15--16
[][][][][][][][][][][][][][][][][][][][][][][][][][][][][][][][][][][][][][][] 

 []

)
Overfull \hbox (12.33511pt too wide) has occurred while \output is active
 [][][][]  
 []

[40

]
("D:\UFC\Pagina\desafios2017.1\material\Programação Dinâmica\Programação D
inâmica.vrb")
Overfull \hbox (12.33511pt too wide) has occurred while \output is active
 [][][][]  
 []

[41

]
("D:\UFC\Pagina\desafios2017.1\material\Programação Dinâmica\Programação D
inâmica.vrb")
Overfull \vbox (6.14745pt too high) detected at line 823
 []


Overfull \hbox (12.33511pt too wide) has occurred while \output is active
 [][][][]  
 []

[42

]
("D:\UFC\Pagina\desafios2017.1\material\Programação Dinâmica\Programação D
inâmica.toc")
Overfull \hbox (12.33511pt too wide) has occurred while \output is active
 [][][][]  
 []

[43

]
Overfull \hbox (12.33511pt too wide) has occurred while \output is active
 [][][][]  
 []

[44

]
Overfull \hbox (12.33511pt too wide) has occurred while \output is active
 [][][][]  
 []

[45

]
("D:\UFC\Pagina\desafios2017.1\material\Programação Dinâmica\Programação D
inâmica.toc")
Overfull \hbox (12.33511pt too wide) has occurred while \output is active
 [][][][]  
 []

[46

]
Overfull \hbox (12.33511pt too wide) has occurred while \output is active
 [][][][]  
 []

[47

]
Overfull \hbox (12.33511pt too wide) has occurred while \output is active
 [][][][]  
 []

[48

]
("D:\UFC\Pagina\desafios2017.1\material\Programação Dinâmica\Programação D
inâmica.vrb")
Overfull \vbox (6.14745pt too high) detected at line 945
 []


Overfull \hbox (12.33511pt too wide) has occurred while \output is active
 [][][][]  
 []

[49

]
("D:\UFC\Pagina\desafios2017.1\material\Programação Dinâmica\Programação D
inâmica.vrb")
Overfull \vbox (2.6915pt too high) detected at line 976
 []


Overfull \hbox (12.33511pt too wide) has occurred while \output is active
 [][][][]  
 []

[50

]
\tf@nav=\write8
\tf@toc=\write9
\tf@snm=\write10
Package atveryend Info: Empty hook `BeforeClearDocument' on input line 979.
Package atveryend Info: Empty hook `AfterLastShipout' on input line 979.

("D:\UFC\Pagina\desafios2017.1\material\Programação Dinâmica\Programação D
inâmica.aux")
Package atveryend Info: Executing hook `AtVeryEndDocument' on input line 979.
Package atveryend Info: Executing hook `AtEndAfterFileList' on input line 979.
Package rerunfilecheck Info: File `Programação*Dinâmica.out' has not changed
.
(rerunfilecheck)             Checksum: <no file>.


LaTeX Font Warning: Some font shapes were not available, defaults substituted.

 ) 
Here is how much of TeX's memory you used:
 26364 strings out of 494045
 447077 string characters out of 3145974
 639793 words of memory out of 3000000
 28860 multiletter control sequences out of 15000+200000
 53684 words of font info for 119 fonts, out of 3000000 for 9000
 715 hyphenation exceptions out of 8191
 49i,16n,79p,3316b,1401s stack positions out of 5000i,500n,10000p,200000b,50000s
 <C:\Users\ufc\AppData\Local\MiKTeX\2.9\fonts\pk\ljfour\jknappen\ec\dpi600\tc
rm0900.pk><C:/Program Files (x86)/MiKTeX 2.9/fonts/type1/public/amsfonts/cm/cme
x10.pfb><C:/Program Files (x86)/MiKTeX 2.9/fonts/type1/public/amsfonts/cm/cmmi1
0.pfb><C:/Program Files (x86)/MiKTeX 2.9/fonts/type1/public/amsfonts/cm/cmmi6.p
fb><C:/Program Files (x86)/MiKTeX 2.9/fonts/type1/public/amsfonts/cm/cmmi7.pfb>
<C:/Program Files (x86)/MiKTeX 2.9/fonts/type1/public/amsfonts/cm/cmmi8.pfb><C:
/Program Files (x86)/MiKTeX 2.9/fonts/type1/public/amsfonts/cm/cmmi9.pfb><C:/Pr
ogram Files (x86)/MiKTeX 2.9/fonts/type1/public/amsfonts/cm/cmss10.pfb><C:/Prog
ram Files (x86)/MiKTeX 2.9/fonts/type1/public/amsfonts/cm/cmss12.pfb><C:/Progra
m Files (x86)/MiKTeX 2.9/fonts/type1/public/amsfonts/cm/cmss8.pfb><C:/Program F
iles (x86)/MiKTeX 2.9/fonts/type1/public/amsfonts/cm/cmss9.pfb><C:/Program File
s (x86)/MiKTeX 2.9/fonts/type1/public/amsfonts/cm/cmssbx10.pfb><C:/Program File
s (x86)/MiKTeX 2.9/fonts/type1/public/amsfonts/cm/cmssi10.pfb><C:/Program Files
 (x86)/MiKTeX 2.9/fonts/type1/public/amsfonts/cm/cmssi8.pfb><C:/Program Files (
x86)/MiKTeX 2.9/fonts/type1/public/amsfonts/cm/cmssi9.pfb><C:/Program Files (x8
6)/MiKTeX 2.9/fonts/type1/public/amsfonts/cm/cmsy10.pfb><C:/Program Files (x86)
/MiKTeX 2.9/fonts/type1/public/amsfonts/cm/cmsy6.pfb><C:/Program Files (x86)/Mi
KTeX 2.9/fonts/type1/public/amsfonts/cm/cmsy7.pfb><C:/Program Files (x86)/MiKTe
X 2.9/fonts/type1/public/amsfonts/cm/cmsy8.pfb><C:/Program Files (x86)/MiKTeX 2
.9/fonts/type1/public/amsfonts/cm/cmsy9.pfb><C:/Program Files (x86)/MiKTeX 2.9/
fonts/type1/public/amsfonts/symbols/msam7.pfb>
Output written on "Programação Dinâmica.pdf" (50 pages, 520495 bytes).
PDF statistics:
 1499 PDF objects out of 1728 (max. 8388607)
 107 named destinations out of 1000 (max. 500000)
 99 words of extra memory for PDF output out of 10000 (max. 10000000)

